(---------------------------------------------------------------------)
(                                                                     )
(    Allegro Netrev Import Logic                                      )
(                                                                     )
(    Drawing          : esl.brd                                       )
(    Software Version : 16.6P004                                      )
(    Date/Time        : Tue Dec 17 16:05:50 2019                      )
(                                                                     )
(---------------------------------------------------------------------)


------ Directives ------

RIPUP_ETCH FALSE;
RIPUP_DELETE_FIRST_SEGMENT FALSE;
RIPUP_RETAIN_BONDWIRE FALSE;
RIPUP_SYMBOLS ALWAYS;
Missing symbol has error FALSE;
SCHEMATIC_DIRECTORY 'D:/WorkSpace/SPB_Data/esl_fantl/allegro';
BOARD_DIRECTORY '';
OLD_BOARD_NAME 'D:/WorkSpace/SPB_Data/esl_fantl/allegro/esl.brd';
NEW_BOARD_NAME 'D:/WorkSpace/SPB_Data/esl_fantl/allegro/esl.brd';

CmdLine: netrev -$ -i D:/WorkSpace/SPB_Data/esl_fantl/allegro -y 1 -z D:/WorkSpace/SPB_Data/esl_fantl/allegro/#Taaaaab19528.tmp

------ Preparing to read pst files ------

Starting to read D:/WorkSpace/SPB_Data/esl_fantl/allegro/pstchip.dat 
   Finished reading D:/WorkSpace/SPB_Data/esl_fantl/allegro/pstchip.dat (00:00:00.06)
Starting to read D:/WorkSpace/SPB_Data/esl_fantl/allegro/pstxprt.dat 
   Finished reading D:/WorkSpace/SPB_Data/esl_fantl/allegro/pstxprt.dat (00:00:00.00)
Starting to read D:/WorkSpace/SPB_Data/esl_fantl/allegro/pstxnet.dat 
   Finished reading D:/WorkSpace/SPB_Data/esl_fantl/allegro/pstxnet.dat (00:00:00.00)

------ Oversights/Warnings/Errors ------


------ Library Paths ------
MODULEPATH =  . 
           D:/programs/Cadence/SPB_16.6/share/local/pcb/modules 

PSMPATH =  . 
           symbols 
           .. 
           ../symbols 
           D:/programs/Cadence/SPB_16.6/share/local/pcb/symbols 
           D:/programs/Cadence/SPB_16.6/share/pcb/pcb_lib/symbols 
           D:/programs/Cadence/SPB_16.6/share/pcb/allegrolib/symbols 
           D:/WorkSpace/SPB_Data/fpmlib/ 
           D:/WorkSpace/SPB_Data/pcblib/ 

PADPATH =  . 
           symbols 
           .. 
           ../symbols 
           D:/programs/Cadence/SPB_16.6/share/local/pcb/padstacks 
           D:/programs/Cadence/SPB_16.6/share/pcb/pcb_lib/symbols 
           D:/programs/Cadence/SPB_16.6/share/pcb/allegrolib/symbols 
           D:/WorkSpace/SPB_Data/fpmlib/ 
           D:/WorkSpace/SPB_Data/pcblib/ 


------ Summary Statistics ------


netrev run on Dec 17 16:05:50 2019
   DESIGN NAME : 'ESL'
   PACKAGING ON Sep 10 2012 04:46:09

   COMPILE 'logic'
   CHECK_PIN_NAMES OFF
   CROSS_REFERENCE OFF
   FEEDBACK OFF
   INCREMENTAL OFF
   INTERFACE_TYPE PHYSICAL
   MAX_ERRORS 500
   MERGE_MINIMUM 5
   NET_NAME_CHARS '#%&()*+-./:=>?@[]^_`|'
   NET_NAME_LENGTH 24
   OVERSIGHTS ON
   REPLACE_CHECK OFF
   SINGLE_NODE_NETS ON
   SPLIT_MINIMUM 0
   SUPPRESS   20
   WARNINGS ON

 No error detected
 No oversight detected
 No warning detected

cpu time      0:00:53
elapsed time  0:00:00

